0 verbose cli /opt/homebrew/Cellar/node/25.2.1/bin/node /opt/homebrew/bin/npm
1 info using npm@11.6.2
2 info using node@v25.2.1
3 silly config load:file:/opt/homebrew/lib/node_modules/npm/npmrc
4 info config found workspace root at /Users/erickpatrickbarcelos/codes/inventy
5 silly config load:file:/Users/erickpatrickbarcelos/codes/inventy/.npmrc
6 silly config load:file:/Users/erickpatrickbarcelos/.npmrc
7 silly config load:file:/opt/homebrew/etc/npmrc
8 verbose title npm install @tauri-apps/api
9 verbose argv "install" "@tauri-apps/api"
10 verbose logfile logs-max:10 dir:/Users/erickpatrickbarcelos/codes/inventy/apps/desktop/.npm-cache/_logs/2026-01-17T02_51_51_917Z-
11 verbose logfile /Users/erickpatrickbarcelos/codes/inventy/apps/desktop/.npm-cache/_logs/2026-01-17T02_51_51_917Z-debug-0.log
12 silly logfile done cleaning log files
13 silly packumentCache heap:4496293888 maxSize:1124073472 maxEntrySize:562036736
14 verbose shrinkwrap failed to load node_modules/.package-lock.json out of date, updated: apps/desktop
15 silly idealTree buildDeps
16 silly fetch manifest @tauri-apps/api@*
17 silly packumentCache full:https://registry.npmjs.org/@tauri-apps%2fapi cache-miss
18 http fetch GET 200 https://registry.npmjs.org/@tauri-apps%2fapi 394ms (cache miss)
19 silly packumentCache full:https://registry.npmjs.org/@tauri-apps%2fapi set size:undefined disposed:false
20 silly placeDep ROOT @tauri-apps/api@2.9.1 REPLACE for: apps/desktop want: *
21 silly reify moves {}
22 silly audit bulk request {
22 silly audit   '@radix-ui/react-accessible-icon': [ '1.1.7' ],
22 silly audit   '@radix-ui/react-accordion': [ '1.2.12' ],
22 silly audit   '@radix-ui/react-alert-dialog': [ '1.1.15' ],
22 silly audit   '@radix-ui/react-arrow': [ '1.1.7' ],
22 silly audit   '@radix-ui/react-aspect-ratio': [ '1.1.7' ],
22 silly audit   '@radix-ui/react-avatar': [ '1.1.10' ],
22 silly audit   '@radix-ui/react-checkbox': [ '1.3.3' ],
22 silly audit   '@radix-ui/react-collapsible': [ '1.1.12' ],
22 silly audit   '@radix-ui/react-collection': [ '1.1.7' ],
22 silly audit   '@radix-ui/react-context-menu': [ '2.2.16' ],
22 silly audit   '@radix-ui/react-dialog': [ '1.1.15' ],
22 silly audit   '@radix-ui/react-dismissable-layer': [ '1.1.11' ],
22 silly audit   '@radix-ui/react-dropdown-menu': [ '2.1.16' ],
22 silly audit   '@radix-ui/react-focus-scope': [ '1.1.7' ],
22 silly audit   '@radix-ui/react-form': [ '0.1.8' ],
22 silly audit   '@radix-ui/react-hover-card': [ '1.1.15' ],
22 silly audit   '@radix-ui/react-label': [ '2.1.7' ],
22 silly audit   '@radix-ui/react-menu': [ '2.1.16' ],
22 silly audit   '@radix-ui/react-menubar': [ '1.1.16' ],
22 silly audit   '@radix-ui/react-navigation-menu': [ '1.2.14' ],
22 silly audit   '@radix-ui/react-one-time-password-field': [ '0.1.8' ],
22 silly audit   '@radix-ui/react-password-toggle-field': [ '0.1.3' ],
22 silly audit   '@radix-ui/react-popover': [ '1.1.15' ],
22 silly audit   '@radix-ui/react-popper': [ '1.2.8' ],
22 silly audit   '@radix-ui/react-portal': [ '1.1.9' ],
22 silly audit   '@radix-ui/react-presence': [ '1.1.5' ],
22 silly audit   '@radix-ui/react-primitive': [ '2.1.3', '2.1.4' ],
22 silly audit   '@radix-ui/react-progress': [ '1.1.7' ],
22 silly audit   '@radix-ui/react-radio-group': [ '1.3.8' ],
22 silly audit   '@radix-ui/react-roving-focus': [ '1.1.11' ],
22 silly audit   '@radix-ui/react-scroll-area': [ '1.2.10' ],
22 silly audit   '@radix-ui/react-select': [ '2.2.6' ],
22 silly audit   '@radix-ui/react-separator': [ '1.1.7' ],
22 silly audit   '@radix-ui/react-slider': [ '1.3.6' ],
22 silly audit   '@radix-ui/react-switch': [ '1.2.6' ],
22 silly audit   '@radix-ui/react-tabs': [ '1.1.13' ],
22 silly audit   '@radix-ui/react-toast': [ '1.2.15' ],
22 silly audit   '@radix-ui/react-toggle': [ '1.1.10' ],
22 silly audit   '@radix-ui/react-toggle-group': [ '1.1.11' ],
22 silly audit   '@radix-ui/react-toolbar': [ '1.1.11' ],
22 silly audit   '@radix-ui/react-tooltip': [ '1.2.8' ],
22 silly audit   '@radix-ui/react-visually-hidden': [ '1.2.3' ],
22 silly audit   '@tanstack/react-devtools': [ '0.7.11' ],
22 silly audit   '@testing-library/react': [ '16.3.1' ],
22 silly audit   '@types/react': [ '19.2.8', '19.1.17' ],
22 silly audit   '@types/react-dom': [ '19.2.3' ],
22 silly audit   jiti: [ '2.6.1', '1.21.7' ],
22 silly audit   nitro: [ '3.0.1-alpha.1' ],
22 silly audit   'radix-ui': [ '1.4.3' ],
22 silly audit   tailwindcss: [ '4.1.18' ],
22 silly audit   typescript: [ '5.8.3', '5.9.2' ],
22 silly audit   undici: [ '7.18.2' ],
22 silly audit   unstorage: [ '2.0.0-alpha.5' ],
22 silly audit   react: [ '19.2.3' ],
22 silly audit   '@acemir/cssom': [ '0.9.31' ],
22 silly audit   '@antfu/ni': [ '25.0.0' ],
22 silly audit   tinyexec: [ '1.0.2', '0.3.2' ],
22 silly audit   '@asamuzakjp/css-color': [ '4.1.1' ],
22 silly audit   'lru-cache': [ '11.2.4', '5.1.1' ],
22 silly audit   '@asamuzakjp/dom-selector': [ '6.7.6' ],
22 silly audit   '@asamuzakjp/nwsapi': [ '2.3.9' ],
22 silly audit   '@babel/code-frame': [ '7.28.6', '7.27.1' ],
22 silly audit   '@babel/compat-data': [ '7.28.6' ],
22 silly audit   '@babel/core': [ '7.28.6' ],
22 silly audit   '@babel/generator': [ '7.28.6' ],
22 silly audit   '@babel/helper-annotate-as-pure': [ '7.27.3' ],
22 silly audit   '@babel/helper-compilation-targets': [ '7.28.6' ],
22 silly audit   '@babel/helper-create-class-features-plugin': [ '7.28.6' ],
22 silly audit   '@babel/helper-globals': [ '7.28.0' ],
22 silly audit   '@babel/helper-member-expression-to-functions': [ '7.28.5' ],
22 silly audit   '@babel/helper-module-imports': [ '7.28.6' ],
22 silly audit   '@babel/helper-module-transforms': [ '7.28.6' ],
22 silly audit   '@babel/helper-optimise-call-expression': [ '7.27.1' ],
22 silly audit   '@babel/helper-plugin-utils': [ '7.28.6' ],
22 silly audit   '@babel/helper-replace-supers': [ '7.28.6' ],
22 silly audit   '@babel/helper-skip-transparent-expression-wrappers': [ '7.27.1' ],
22 silly audit   '@babel/helper-string-parser': [ '7.27.1' ],
22 silly audit   '@babel/helper-validator-identifier': [ '7.28.5' ],
22 silly audit   '@babel/helper-validator-option': [ '7.27.1' ],
22 silly audit   '@babel/helpers': [ '7.28.6' ],
22 silly audit   'ansi-styles': [ '5.2.0', '4.3.0' ],
22 silly audit   chalk: [ '5.6.2', '4.1.2' ],
22 silly audit   'color-convert': [ '2.0.1' ],
22 silly audit   'color-name': [ '1.1.4' ],
22 silly audit   'escape-string-regexp': [ '4.0.0' ],
22 silly audit   'has-flag': [ '4.0.0' ],
22 silly audit   'supports-color': [ '7.2.0' ],
22 silly audit   '@babel/parser': [ '7.28.6' ],
22 silly audit   '@babel/plugin-syntax-jsx': [ '7.28.6' ],
22 silly audit   '@babel/plugin-syntax-typescript': [ '7.28.6' ],
22 silly audit   '@babel/plugin-transform-modules-commonjs': [ '7.28.6' ],
22 silly audit   '@babel/plugin-transform-react-jsx-self': [ '7.27.1' ],
22 silly audit   '@babel/plugin-transform-react-jsx-source': [ '7.27.1' ],
22 silly audit   '@babel/plugin-transform-typescript': [ '7.28.6' ],
22 silly audit   '@babel/preset-typescript': [ '7.28.5' ],
22 silly audit   '@babel/runtime': [ '7.28.6' ],
22 silly audit   '@babel/template': [ '7.28.6' ],
22 silly audit   '@babel/traverse': [ '7.28.6' ],
22 silly audit   '@babel/types': [ '7.28.6' ],
22 silly audit   '@base-ui/react': [ '1.0.0' ],
22 silly audit   '@base-ui/utils': [ '0.2.3' ],
22 silly audit   '@csstools/color-helpers': [ '5.1.0' ],
22 silly audit   '@csstools/css-calc': [ '2.1.4' ],
22 silly audit   '@csstools/css-color-parser': [ '3.1.0' ],
22 silly audit   '@csstools/css-parser-algorithms': [ '3.0.5' ],
22 silly audit   '@csstools/css-syntax-patches-for-csstree': [ '1.0.25' ],
22 silly audit   '@csstools/css-tokenizer': [ '3.0.4' ],
22 silly audit   '@date-fns/tz': [ '1.4.1' ],
22 silly audit   '@dotenvx/dotenvx': [ '1.51.4' ],
22 silly audit   commander: [ '11.1.0', '14.0.2', '2.20.3' ],
22 silly audit   dotenv: [ '17.2.3' ],
22 silly audit   execa: [ '5.1.1', '9.6.1' ],
22 silly audit   'get-stream': [ '6.0.1', '9.0.1' ],
22 silly audit   'human-signals': [ '2.1.0', '8.0.1' ],
22 silly audit   'is-stream': [ '2.0.1', '4.0.1' ],
22 silly audit   isexe: [ '3.1.1', '2.0.0' ],
22 silly audit   'mimic-fn': [ '2.1.0' ],
22 silly audit   'npm-run-path': [ '4.0.1', '6.0.0' ],
22 silly audit   onetime: [ '5.1.2', '7.0.0' ],
22 silly audit   picomatch: [ '4.0.3', '2.3.1', '3.0.1' ],
22 silly audit   'strip-final-newline': [ '2.0.0', '4.0.0' ],
22 silly audit   which: [ '4.0.0', '2.0.2' ],
22 silly audit   '@ecies/ciphers': [ '0.2.5' ],
22 silly audit   '@emnapi/core': [ '1.8.1' ],
22 silly audit   '@emnapi/runtime': [ '1.8.1' ],
22 silly audit   '@emnapi/wasi-threads': [ '1.1.0' ],
22 silly audit   '@esbuild/aix-ppc64': [ '0.27.2' ],
22 silly audit   '@esbuild/android-arm': [ '0.27.2' ],
22 silly audit   '@esbuild/android-arm64': [ '0.27.2' ],
22 silly audit   '@esbuild/android-x64': [ '0.27.2' ],
22 silly audit   '@esbuild/darwin-arm64': [ '0.27.2' ],
22 silly audit   '@esbuild/darwin-x64': [ '0.27.2' ],
22 silly audit   '@esbuild/freebsd-arm64': [ '0.27.2' ],
22 silly audit   '@esbuild/freebsd-x64': [ '0.27.2' ],
22 silly audit   '@esbuild/linux-arm': [ '0.27.2' ],
22 silly audit   '@esbuild/linux-arm64': [ '0.27.2' ],
22 silly audit   '@esbuild/linux-ia32': [ '0.27.2' ],
22 silly audit   '@esbuild/linux-loong64': [ '0.27.2' ],
22 silly audit   '@esbuild/linux-mips64el': [ '0.27.2' ],
22 silly audit   '@esbuild/linux-ppc64': [ '0.27.2' ],
22 silly audit   '@esbuild/linux-riscv64': [ '0.27.2' ],
22 silly audit   '@esbuild/linux-s390x': [ '0.27.2' ],
22 silly audit   '@esbuild/linux-x64': [ '0.27.2' ],
22 silly audit   '@esbuild/netbsd-arm64': [ '0.27.2' ],
22 silly audit   '@esbuild/netbsd-x64': [ '0.27.2' ],
22 silly audit   '@esbuild/openbsd-arm64': [ '0.27.2' ],
22 silly audit   '@esbuild/openbsd-x64': [ '0.27.2' ],
22 silly audit   '@esbuild/openharmony-arm64': [ '0.27.2' ],
22 silly audit   '@esbuild/sunos-x64': [ '0.27.2' ],
22 silly audit   '@esbuild/win32-arm64': [ '0.27.2' ],
22 silly audit   '@esbuild/win32-ia32': [ '0.27.2' ],
22 silly audit   '@esbuild/win32-x64': [ '0.27.2' ],
22 silly audit   '@eslint-community/eslint-utils': [ '4.9.1' ],
22 silly audit   'eslint-visitor-keys': [ '3.4.3', '5.0.0', '4.2.1' ],
22 silly audit   '@eslint-community/regexpp': [ '4.12.2' ],
22 silly audit   '@eslint/config-array': [ '0.21.1' ],
22 silly audit   '@eslint/config-helpers': [ '0.4.2' ],
22 silly audit   '@eslint/core': [ '0.17.0' ],
22 silly audit   '@eslint/eslintrc': [ '3.3.3' ],
22 silly audit   '@eslint/js': [ '9.39.2' ],
22 silly audit   '@eslint/object-schema': [ '2.1.7' ],
22 silly audit   '@eslint/plugin-kit': [ '0.4.1' ],
22 silly audit   '@exodus/bytes': [ '1.8.0' ],
22 silly audit   'brace-expansion': [ '2.0.2', '1.1.12' ],
22 silly audit   minimatch: [ '10.1.1', '9.0.5', '3.1.2' ],
22 silly audit   semver: [ '7.7.3', '6.3.1' ],
22 silly audit   debug: [ '4.4.3', '3.2.7' ],
22 silly audit   '@floating-ui/core': [ '1.7.3' ],
22 silly audit   '@floating-ui/dom': [ '1.7.4' ],
22 silly audit   '@floating-ui/react-dom': [ '2.1.6' ],
22 silly audit   '@floating-ui/utils': [ '0.2.10' ],
22 silly audit   '@fontsource-variable/inter': [ '5.2.8' ],
22 silly audit   '@hono/node-server': [ '1.19.9' ],
22 silly audit   '@humanfs/core': [ '0.19.1' ],
22 silly audit   '@humanfs/node': [ '0.16.7' ],
22 silly audit   '@humanwhocodes/module-importer': [ '1.0.1' ],
22 silly audit   '@humanwhocodes/retry': [ '0.4.3' ],
22 silly audit   '@inquirer/ansi': [ '1.0.2' ],
22 silly audit   '@inquirer/confirm': [ '5.1.21' ],
22 silly audit   '@inquirer/core': [ '10.3.2' ],
22 silly audit   'signal-exit': [ '4.1.0', '3.0.7' ],
22 silly audit   'strip-ansi': [ '6.0.1', '7.1.2' ],
22 silly audit   'wrap-ansi': [ '6.2.0', '7.0.0' ],
22 silly audit   '@inquirer/figures': [ '1.0.15' ],
22 silly audit   '@inquirer/type': [ '3.0.10' ],
22 silly audit   '@isaacs/balanced-match': [ '4.0.1' ],
22 silly audit   '@isaacs/brace-expansion': [ '5.0.0' ],
22 silly audit   argparse: [ '2.0.1' ],
22 silly audit   'find-up': [ '5.0.0' ],
22 silly audit   'js-yaml': [ '4.1.1' ],
22 silly audit   'locate-path': [ '6.0.0' ],
22 silly audit   'p-limit': [ '3.1.0' ],
22 silly audit   'p-locate': [ '5.0.0' ],
22 silly audit   '@jridgewell/gen-mapping': [ '0.3.13' ],
22 silly audit   '@jridgewell/remapping': [ '2.3.5' ],
22 silly audit   '@jridgewell/resolve-uri': [ '3.1.2' ],
22 silly audit   '@jridgewell/source-map': [ '0.3.11' ],
22 silly audit   '@jridgewell/sourcemap-codec': [ '1.5.5' ],
22 silly audit   '@jridgewell/trace-mapping': [ '0.3.31' ],
22 silly audit   '@modelcontextprotocol/sdk': [ '1.25.2' ],
22 silly audit   ajv: [ '8.17.1', '6.12.6' ],
22 silly audit   'json-schema-traverse': [ '1.0.0', '0.4.1' ],
22 silly audit   '@mswjs/interceptors': [ '0.40.0' ],
22 silly audit   '@napi-rs/wasm-runtime': [ '0.2.12', '1.1.1' ],
22 silly audit   '@noble/ciphers': [ '1.3.0' ],
22 silly audit   '@noble/curves': [ '1.9.7' ],
22 silly audit   '@noble/hashes': [ '1.8.0' ],
22 silly audit   '@nodelib/fs.scandir': [ '2.1.5' ],
22 silly audit   '@nodelib/fs.stat': [ '2.0.5' ],
22 silly audit   '@nodelib/fs.walk': [ '1.2.8' ],
22 silly audit   '@oozcitak/dom': [ '2.0.2' ],
22 silly audit   '@oozcitak/infra': [ '2.0.2' ],
22 silly audit   '@oozcitak/url': [ '3.0.0' ],
22 silly audit   '@oozcitak/util': [ '10.0.0' ],
22 silly audit   '@open-draft/deferred-promise': [ '2.2.0' ],
22 silly audit   '@open-draft/logger': [ '0.3.0' ],
22 silly audit   '@open-draft/until': [ '2.1.0' ],
22 silly audit   '@oxc-minify/binding-android-arm64': [ '0.96.0' ],
22 silly audit   '@oxc-minify/binding-darwin-arm64': [ '0.96.0' ],
22 silly audit   '@oxc-minify/binding-darwin-x64': [ '0.96.0' ],
22 silly audit   '@oxc-minify/binding-freebsd-x64': [ '0.96.0' ],
22 silly audit   '@oxc-minify/binding-linux-arm-gnueabihf': [ '0.96.0' ],
22 silly audit   '@oxc-minify/binding-linux-arm-musleabihf': [ '0.96.0' ],
22 silly audit   '@oxc-minify/binding-linux-arm64-gnu': [ '0.96.0' ],
22 silly audit   '@oxc-minify/binding-linux-arm64-musl': [ '0.96.0' ],
22 silly audit   '@oxc-minify/binding-linux-riscv64-gnu': [ '0.96.0' ],
22 silly audit   '@oxc-minify/binding-linux-s390x-gnu': [ '0.96.0' ],
22 silly audit   '@oxc-minify/binding-linux-x64-gnu': [ '0.96.0' ],
22 silly audit   '@oxc-minify/binding-linux-x64-musl': [ '0.96.0' ],
22 silly audit   '@oxc-minify/binding-wasm32-wasi': [ '0.96.0' ],
22 silly audit   '@oxc-minify/binding-win32-arm64-msvc': [ '0.96.0' ],
22 silly audit   '@oxc-minify/binding-win32-x64-msvc': [ '0.96.0' ],
22 silly audit   '@oxc-transform/binding-android-arm64': [ '0.96.0' ],
22 silly audit   '@oxc-transform/binding-darwin-arm64': [ '0.96.0' ],
22 silly audit   '@oxc-transform/binding-darwin-x64': [ '0.96.0' ],
22 silly audit   '@oxc-transform/binding-freebsd-x64': [ '0.96.0' ],
22 silly audit   '@oxc-transform/binding-linux-arm-gnueabihf': [ '0.96.0' ],
22 silly audit   '@oxc-transform/binding-linux-arm-musleabihf': [ '0.96.0' ],
22 silly audit   '@oxc-transform/binding-linux-arm64-gnu': [ '0.96.0' ],
22 silly audit   '@oxc-transform/binding-linux-arm64-musl': [ '0.96.0' ],
22 silly audit   '@oxc-transform/binding-linux-riscv64-gnu': [ '0.96.0' ],
22 silly audit   '@oxc-transform/binding-linux-s390x-gnu': [ '0.96.0' ],
22 silly audit   '@oxc-transform/binding-linux-x64-gnu': [ '0.96.0' ],
22 silly audit   '@oxc-transform/binding-linux-x64-musl': [ '0.96.0' ],
22 silly audit   '@oxc-transform/binding-wasm32-wasi': [ '0.96.0' ],
22 silly audit   '@oxc-transform/binding-win32-arm64-msvc': [ '0.96.0' ],
22 silly audit   '@oxc-transform/binding-win32-x64-msvc': [ '0.96.0' ],
22 silly audit   '@radix-ui/number': [ '1.1.1' ],
22 silly audit   '@radix-ui/primitive': [ '1.1.3' ],
22 silly audit   '@radix-ui/react-compose-refs': [ '1.1.2' ],
22 silly audit   '@radix-ui/react-context': [ '1.1.2' ],
22 silly audit   '@radix-ui/react-direction': [ '1.1.1' ],
22 silly audit   '@radix-ui/react-focus-guards': [ '1.1.3' ],
22 silly audit   '@radix-ui/react-id': [ '1.1.1' ],
22 silly audit   '@radix-ui/react-slot': [ '1.2.3', '1.2.4' ],
22 silly audit   '@radix-ui/react-use-callback-ref': [ '1.1.1' ],
22 silly audit   '@radix-ui/react-use-controllable-state': [ '1.2.2' ],
22 silly audit   '@radix-ui/react-use-effect-event': [ '0.0.2' ],
22 silly audit   '@radix-ui/react-use-escape-keydown': [ '1.1.1' ],
22 silly audit   '@radix-ui/react-use-is-hydrated': [ '0.1.0' ],
22 silly audit   '@radix-ui/react-use-layout-effect': [ '1.1.1' ],
22 silly audit   '@radix-ui/react-use-previous': [ '1.1.1' ],
22 silly audit   '@radix-ui/react-use-rect': [ '1.1.1' ],
22 silly audit   '@radix-ui/react-use-size': [ '1.1.1' ],
22 silly audit   '@radix-ui/rect': [ '1.1.1' ],
22 silly audit   ws: [ '8.19.0' ],
22 silly audit   '@rolldown/pluginutils': [ '1.0.0-beta.40', '1.0.0-beta.53' ],
22 silly audit   '@rollup/rollup-android-arm-eabi': [ '4.55.1' ],
22 silly audit   '@rollup/rollup-android-arm64': [ '4.55.1' ],
22 silly audit   '@rollup/rollup-darwin-arm64': [ '4.55.1' ],
22 silly audit   '@rollup/rollup-darwin-x64': [ '4.55.1' ],
22 silly audit   '@rollup/rollup-freebsd-arm64': [ '4.55.1' ],
22 silly audit   '@rollup/rollup-freebsd-x64': [ '4.55.1' ],
22 silly audit   '@rollup/rollup-linux-arm-gnueabihf': [ '4.55.1' ],
22 silly audit   '@rollup/rollup-linux-arm-musleabihf': [ '4.55.1' ],
22 silly audit   '@rollup/rollup-linux-arm64-gnu': [ '4.55.1' ],
22 silly audit   '@rollup/rollup-linux-arm64-musl': [ '4.55.1' ],
22 silly audit   '@rollup/rollup-linux-loong64-gnu': [ '4.55.1' ],
22 silly audit   '@rollup/rollup-linux-loong64-musl': [ '4.55.1' ],
22 silly audit   '@rollup/rollup-linux-ppc64-gnu': [ '4.55.1' ],
22 silly audit   '@rollup/rollup-linux-ppc64-musl': [ '4.55.1' ],
22 silly audit   '@rollup/rollup-linux-riscv64-gnu': [ '4.55.1' ],
22 silly audit   '@rollup/rollup-linux-riscv64-musl': [ '4.55.1' ],
22 silly audit   '@rollup/rollup-linux-s390x-gnu': [ '4.55.1' ],
22 silly audit   '@rollup/rollup-linux-x64-gnu': [ '4.55.1' ],
22 silly audit   '@rollup/rollup-linux-x64-musl': [ '4.55.1' ],
22 silly audit   '@rollup/rollup-openbsd-x64': [ '4.55.1' ],
22 silly audit   '@rollup/rollup-openharmony-arm64': [ '4.55.1' ],
22 silly audit   '@rollup/rollup-win32-arm64-msvc': [ '4.55.1' ],
22 silly audit   '@rollup/rollup-win32-ia32-msvc': [ '4.55.1' ],
22 silly audit   '@rollup/rollup-win32-x64-gnu': [ '4.55.1' ],
22 silly audit   '@rollup/rollup-win32-x64-msvc': [ '4.55.1' ],
22 silly audit   '@sec-ant/readable-stream': [ '0.4.1' ],
22 silly audit   '@sindresorhus/merge-streams': [ '4.0.0' ],
22 silly audit   '@solid-primitives/event-listener': [ '2.4.3' ],
22 silly audit   '@solid-primitives/keyboard': [ '1.3.3' ],
22 silly audit   '@solid-primitives/resize-observer': [ '2.1.3' ],
22 silly audit   '@solid-primitives/rootless': [ '1.5.2' ],
22 silly audit   '@solid-primitives/static-store': [ '0.1.2' ],
22 silly audit   '@solid-primitives/utils': [ '6.3.2' ],
22 silly audit   '@stylistic/eslint-plugin': [ '5.7.0' ],
22 silly audit   espree: [ '11.0.0', '10.4.0' ],
22 silly audit   '@tailwindcss/node': [ '4.1.18' ],
22 silly audit   '@tailwindcss/oxide': [ '4.1.18' ],
22 silly audit   '@tailwindcss/oxide-android-arm64': [ '4.1.18' ],
22 silly audit   '@tailwindcss/oxide-darwin-arm64': [ '4.1.18' ],
22 silly audit   '@tailwindcss/oxide-darwin-x64': [ '4.1.18' ],
22 silly audit   '@tailwindcss/oxide-freebsd-x64': [ '4.1.18' ],
22 silly audit   '@tailwindcss/oxide-linux-arm-gnueabihf': [ '4.1.18' ],
22 silly audit   '@tailwindcss/oxide-linux-arm64-gnu': [ '4.1.18' ],
22 silly audit   '@tailwindcss/oxide-linux-arm64-musl': [ '4.1.18' ],
22 silly audit   '@tailwindcss/oxide-linux-x64-gnu': [ '4.1.18' ],
22 silly audit   '@tailwindcss/oxide-linux-x64-musl': [ '4.1.18' ],
22 silly audit   '@tailwindcss/oxide-wasm32-wasi': [ '4.1.18' ],
22 silly audit   '@tailwindcss/oxide-win32-arm64-msvc': [ '4.1.18' ],
22 silly audit   '@tailwindcss/oxide-win32-x64-msvc': [ '4.1.18' ],
22 silly audit   '@tailwindcss/vite': [ '4.1.18' ],
22 silly audit   '@tanstack/devtools': [ '0.7.0' ],
22 silly audit   '@tanstack/devtools-client': [ '0.0.3', '0.0.5' ],
22 silly audit   '@tanstack/devtools-event-bus': [ '0.3.3' ],
22 silly audit   '@tanstack/devtools-event-client': [ '0.3.5', '0.4.0' ],
22 silly audit   '@tanstack/devtools-ui': [ '0.4.4' ],
22 silly audit   '@tanstack/devtools-vite': [ '0.3.12' ],
22 silly audit   '@tanstack/eslint-config': [ '0.3.4' ],
22 silly audit   globals: [ '16.5.0', '15.15.0', '14.0.0' ],
22 silly audit   '@tanstack/history': [ '1.145.7' ],
22 silly audit   '@tanstack/query-core': [ '5.90.17' ],
22 silly audit   '@tanstack/react-query': [ '5.90.17' ],
22 silly audit   '@tanstack/react-router': [ '1.150.0' ],
22 silly audit   '@tanstack/react-router-devtools': [ '1.150.0' ],
22 silly audit   '@tanstack/react-router-ssr-query': [ '1.150.0' ],
22 silly audit   '@tanstack/react-start': [ '1.150.0' ],
22 silly audit   '@tanstack/react-start-client': [ '1.150.0' ],
22 silly audit   '@tanstack/react-start-server': [ '1.150.0' ],
22 silly audit   '@tanstack/react-store': [ '0.8.0' ],
22 silly audit   '@tanstack/react-table': [ '8.21.3' ],
22 silly audit   '@tanstack/router-core': [ '1.150.0' ],
22 silly audit   '@tanstack/router-devtools-core': [ '1.150.0' ],
22 silly audit   '@tanstack/router-generator': [ '1.150.0' ],
22 silly audit   'source-map': [ '0.7.6', '0.6.1' ],
22 silly audit   '@tanstack/router-plugin': [ '1.150.0' ],
22 silly audit   '@tanstack/router-ssr-query-core': [ '1.150.0' ],
22 silly audit   '@tanstack/router-utils': [ '1.143.11' ],
22 silly audit   '@tanstack/start-client-core': [ '1.150.0' ],
22 silly audit   '@tanstack/start-fn-stubs': [ '1.143.8' ],
22 silly audit   '@tanstack/start-plugin-core': [ '1.150.0' ],
22 silly audit   srvx: [ '0.10.0', '0.9.8' ],
22 silly audit   '@tanstack/start-server-core': [ '1.150.0' ],
22 silly audit   '@tanstack/start-storage-context': [ '1.150.0' ],
22 silly audit   '@tanstack/store': [ '0.8.0' ],
22 silly audit   '@tanstack/table-core': [ '8.21.3' ],
22 silly audit   '@tanstack/virtual-file-routes': [ '1.145.4' ],
22 silly audit   '@tauri-apps/cli': [ '2.9.6' ],
22 silly audit   '@tauri-apps/cli-darwin-arm64': [ '2.9.6' ],
22 silly audit   '@tauri-apps/cli-darwin-x64': [ '2.9.6' ],
22 silly audit   '@tauri-apps/cli-linux-arm-gnueabihf': [ '2.9.6' ],
22 silly audit   '@tauri-apps/cli-linux-arm64-gnu': [ '2.9.6' ],
22 silly audit   '@tauri-apps/cli-linux-arm64-musl': [ '2.9.6' ],
22 silly audit   '@tauri-apps/cli-linux-riscv64-gnu': [ '2.9.6' ],
22 silly audit   '@tauri-apps/cli-linux-x64-gnu': [ '2.9.6' ],
22 silly audit   '@tauri-apps/cli-linux-x64-musl': [ '2.9.6' ],
22 silly audit   '@tauri-apps/cli-win32-arm64-msvc': [ '2.9.6' ],
22 silly audit   '@tauri-apps/cli-win32-ia32-msvc': [ '2.9.6' ],
22 silly audit   '@tauri-apps/cli-win32-x64-msvc': [ '2.9.6' ],
22 silly audit   '@tauri-apps/plugin-sql': [ '2.3.1' ],
22 silly audit   '@testing-library/dom': [ '10.4.1' ],
22 silly audit   'pretty-format': [ '27.5.1' ],
22 silly audit   'react-is': [ '17.0.2', '16.13.1', '18.3.1' ],
22 silly audit   '@ts-morph/common': [ '0.27.0' ],
22 silly audit   'fast-glob': [ '3.3.3' ],
22 silly audit   'glob-parent': [ '5.1.2', '6.0.2' ],
22 silly audit   '@tybys/wasm-util': [ '0.10.1' ],
22 silly audit   '@types/aria-query': [ '5.0.4' ],
22 silly audit   '@types/babel__core': [ '7.20.5' ],
22 silly audit   '@types/babel__generator': [ '7.27.0' ],
22 silly audit   '@types/babel__template': [ '7.4.4' ],
22 silly audit   '@types/babel__traverse': [ '7.28.0' ],
22 silly audit   '@types/chai': [ '5.2.3' ],
22 silly audit   '@types/d3-array': [ '3.2.2' ],
22 silly audit   '@types/d3-color': [ '3.1.3' ],
22 silly audit   '@types/d3-ease': [ '3.0.2' ],
22 silly audit   '@types/d3-interpolate': [ '3.0.4' ],
22 silly audit   '@types/d3-path': [ '3.1.1' ],
22 silly audit   '@types/d3-scale': [ '4.0.9' ],
22 silly audit   '@types/d3-shape': [ '3.1.8' ],
22 silly audit   '@types/d3-time': [ '3.0.4' ],
22 silly audit   '@types/d3-timer': [ '3.0.2' ],
22 silly audit   '@types/deep-eql': [ '4.0.2' ],
22 silly audit   '@types/estree': [ '1.0.8' ],
22 silly audit   '@types/json-schema': [ '7.0.15' ],
22 silly audit   '@types/node': [ '22.19.6' ],
22 silly audit   '@types/statuses': [ '2.0.6' ],
22 silly audit   '@types/uuid': [ '10.0.0' ],
22 silly audit   '@types/validate-npm-package-name': [ '4.0.2' ],
22 silly audit   '@typescript-eslint/eslint-plugin': [ '8.53.0' ],
22 silly audit   ignore: [ '7.0.5', '5.3.2' ],
22 silly audit   '@typescript-eslint/parser': [ '8.53.0' ],
22 silly audit   '@typescript-eslint/project-service': [ '8.53.0' ],
22 silly audit   '@typescript-eslint/scope-manager': [ '8.53.0' ],
22 silly audit   '@typescript-eslint/tsconfig-utils': [ '8.53.0' ],
22 silly audit   '@typescript-eslint/type-utils': [ '8.53.0' ],
22 silly audit   '@typescript-eslint/types': [ '8.53.0' ],
22 silly audit   '@typescript-eslint/typescript-estree': [ '8.53.0' ],
22 silly audit   '@typescript-eslint/utils': [ '8.53.0' ],
22 silly audit   '@typescript-eslint/visitor-keys': [ '8.53.0' ],
22 silly audit   '@unrs/resolver-binding-android-arm-eabi': [ '1.11.1' ],
22 silly audit   '@unrs/resolver-binding-android-arm64': [ '1.11.1' ],
22 silly audit   '@unrs/resolver-binding-darwin-arm64': [ '1.11.1' ],
22 silly audit   '@unrs/resolver-binding-darwin-x64': [ '1.11.1' ],
22 silly audit   '@unrs/resolver-binding-freebsd-x64': [ '1.11.1' ],
22 silly audit   '@unrs/resolver-binding-linux-arm-gnueabihf': [ '1.11.1' ],
22 silly audit   '@unrs/resolver-binding-linux-arm-musleabihf': [ '1.11.1' ],
22 silly audit   '@unrs/resolver-binding-linux-arm64-gnu': [ '1.11.1' ],
22 silly audit   '@unrs/resolver-binding-linux-arm64-musl': [ '1.11.1' ],
22 silly audit   '@unrs/resolver-binding-linux-ppc64-gnu': [ '1.11.1' ],
22 silly audit   '@unrs/resolver-binding-linux-riscv64-gnu': [ '1.11.1' ],
22 silly audit   '@unrs/resolver-binding-linux-riscv64-musl': [ '1.11.1' ],
22 silly audit   '@unrs/resolver-binding-linux-s390x-gnu': [ '1.11.1' ],
22 silly audit   '@unrs/resolver-binding-linux-x64-gnu': [ '1.11.1' ],
22 silly audit   '@unrs/resolver-binding-linux-x64-musl': [ '1.11.1' ],
22 silly audit   '@unrs/resolver-binding-wasm32-wasi': [ '1.11.1' ],
22 silly audit   '@unrs/resolver-binding-win32-arm64-msvc': [ '1.11.1' ],
22 silly audit   '@unrs/resolver-binding-win32-ia32-msvc': [ '1.11.1' ],
22 silly audit   '@unrs/resolver-binding-win32-x64-msvc': [ '1.11.1' ],
22 silly audit   '@vitejs/plugin-react': [ '5.1.2' ],
22 silly audit   'react-refresh': [ '0.18.0' ],
22 silly audit   '@vitest/expect': [ '3.2.4' ],
22 silly audit   '@vitest/mocker': [ '3.2.4' ],
22 silly audit   '@vitest/pretty-format': [ '3.2.4' ],
22 silly audit   '@vitest/runner': [ '3.2.4' ],
22 silly audit   '@vitest/snapshot': [ '3.2.4' ],
22 silly audit   '@vitest/spy': [ '3.2.4' ],
22 silly audit   '@vitest/utils': [ '3.2.4' ],
22 silly audit   accepts: [ '2.0.0' ],
22 silly audit   acorn: [ '8.15.0' ],
22 silly audit   'acorn-jsx': [ '5.3.2' ],
22 silly audit   'agent-base': [ '7.1.4' ],
22 silly audit   'ajv-formats': [ '3.0.1' ],
22 silly audit   'type-fest': [ '5.4.1' ],
22 silly audit   'ansi-regex': [ '5.0.1', '6.2.2' ],
22 silly audit   ansis: [ '4.2.0' ],
22 silly audit   anymatch: [ '3.1.3' ],
22 silly audit   'aria-hidden': [ '1.2.6' ],
22 silly audit   'aria-query': [ '5.3.0' ],
22 silly audit   'assertion-error': [ '2.0.1' ],
22 silly audit   'ast-types': [ '0.16.1' ],
22 silly audit   'babel-dead-code-elimination': [ '1.0.12' ],
22 silly audit   'balanced-match': [ '1.0.2' ],
22 silly audit   'baseline-browser-mapping': [ '2.9.14' ],
22 silly audit   open: [ '11.0.0' ],
22 silly audit   'bidi-js': [ '1.0.3' ],
22 silly audit   'binary-extensions': [ '2.3.0' ],
22 silly audit   'body-parser': [ '2.2.2' ],
22 silly audit   'iconv-lite': [ '0.7.2', '0.6.3' ],
22 silly audit   'on-finished': [ '2.4.1' ],
22 silly audit   boolbase: [ '1.0.0' ],
22 silly audit   braces: [ '3.0.3' ],
22 silly audit   browserslist: [ '4.28.1' ],
22 silly audit   'buffer-from': [ '1.1.2' ],
22 silly audit   'bundle-name': [ '4.1.0' ],
22 silly audit   bytes: [ '3.1.2' ],
22 silly audit   cac: [ '6.7.14' ],
22 silly audit   'call-bind-apply-helpers': [ '1.0.2' ],
22 silly audit   'call-bound': [ '1.0.4' ],
22 silly audit   callsites: [ '3.1.0' ],
22 silly audit   'caniuse-lite': [ '1.0.30001764' ],
22 silly audit   chai: [ '5.3.3' ],
22 silly audit   'check-error': [ '2.1.3' ],
22 silly audit   cheerio: [ '1.1.2' ],
22 silly audit   'cheerio-select': [ '2.1.0' ],
22 silly audit   chokidar: [ '3.6.0' ],
22 silly audit   'class-variance-authority': [ '0.7.1' ],
22 silly audit   'cli-cursor': [ '5.0.0' ],
22 silly audit   'cli-spinners': [ '2.9.2' ],
22 silly audit   'cli-width': [ '4.1.0' ],
22 silly audit   cliui: [ '8.0.1' ],
22 silly audit   clsx: [ '2.1.1' ],
22 silly audit   cmdk: [ '1.1.1' ],
22 silly audit   'code-block-writer': [ '13.0.3' ],
22 silly audit   'comment-parser': [ '1.4.1' ],
22 silly audit   ms: [ '2.1.3' ],
22 silly audit   negotiator: [ '1.0.0' ],
22 silly audit   'concat-map': [ '0.0.1' ],
22 silly audit   consola: [ '3.4.2' ],
22 silly audit   'content-disposition': [ '1.0.1' ],
22 silly audit   'content-type': [ '1.0.5' ],
22 silly audit   'convert-source-map': [ '2.0.0' ],
22 silly audit   cookie: [ '0.7.2', '1.1.1' ],
22 silly audit   'cookie-es': [ '2.0.0' ],
22 silly audit   'cookie-signature': [ '1.2.2' ],
22 silly audit   cors: [ '2.8.5' ],
22 silly audit   cosmiconfig: [ '9.0.0' ],
22 silly audit   'cross-spawn': [ '7.0.6' ],
22 silly audit   crossws: [ '0.4.1' ],
22 silly audit   'css-select': [ '5.2.2' ],
22 silly audit   'css-tree': [ '3.1.0' ],
22 silly audit   'css-what': [ '6.2.2' ],
22 silly audit   cssesc: [ '3.0.0' ],
22 silly audit   cssstyle: [ '5.3.7' ],
22 silly audit   csstype: [ '3.2.3' ],
22 silly audit   'd3-array': [ '3.2.4' ],
22 silly audit   'd3-color': [ '3.1.0' ],
22 silly audit   'd3-ease': [ '3.0.1' ],
22 silly audit   'd3-format': [ '3.1.2' ],
22 silly audit   'd3-interpolate': [ '3.0.1' ],
22 silly audit   'd3-path': [ '3.1.0' ],
22 silly audit   'd3-scale': [ '4.0.2' ],
22 silly audit   'd3-shape': [ '3.2.0' ],
22 silly audit   'd3-time': [ '3.1.0' ],
22 silly audit   'd3-time-format': [ '4.1.0' ],
22 silly audit   'd3-timer': [ '3.0.1' ],
22 silly audit   'data-uri-to-buffer': [ '4.0.1' ],
22 silly audit   'data-urls': [ '6.0.0' ],
22 silly audit   'date-fns': [ '4.1.0' ],
22 silly audit   'date-fns-jalali': [ '4.1.0-0' ],
22 silly audit   db0: [ '0.3.4' ],
22 silly audit   'decimal.js': [ '10.6.0' ],
22 silly audit   'decimal.js-light': [ '2.5.1' ],
22 silly audit   dedent: [ '1.7.1' ],
22 silly audit   'deep-eql': [ '5.0.2' ],
22 silly audit   'deep-is': [ '0.1.4' ],
22 silly audit   deepmerge: [ '4.3.1' ],
22 silly audit   'default-browser': [ '5.4.0' ],
22 silly audit   'default-browser-id': [ '5.0.1' ],
22 silly audit   'define-lazy-prop': [ '3.0.0' ],
22 silly audit   depd: [ '2.0.0' ],
22 silly audit   dequal: [ '2.0.3' ],
22 silly audit   'detect-libc': [ '2.1.2' ],
22 silly audit   'detect-node-es': [ '1.1.0' ],
22 silly audit   diff: [ '8.0.3' ],
22 silly audit   'dom-accessibility-api': [ '0.5.16' ],
22 silly audit   'dom-helpers': [ '5.2.1' ],
22 silly audit   'dom-serializer': [ '2.0.0' ],
22 silly audit   domelementtype: [ '2.3.0' ],
22 silly audit   domhandler: [ '5.0.3' ],
22 silly audit   domutils: [ '3.2.2' ],
22 silly audit   'dunder-proto': [ '1.0.1' ],
22 silly audit   eciesjs: [ '0.4.16' ],
22 silly audit   'ee-first': [ '1.1.1' ],
22 silly audit   'electron-to-chromium': [ '1.5.267' ],
22 silly audit   'emoji-regex': [ '8.0.0', '10.6.0' ],
22 silly audit   encodeurl: [ '2.0.0' ],
22 silly audit   'encoding-sniffer': [ '0.2.1' ],
22 silly audit   'enhanced-resolve': [ '5.18.4' ],
22 silly audit   entities: [ '4.5.0', '6.0.1' ],
22 silly audit   'env-paths': [ '2.2.1' ],
22 silly audit   'error-ex': [ '1.3.4' ],
22 silly audit   'es-define-property': [ '1.0.1' ],
22 silly audit   'es-errors': [ '1.3.0' ],
22 silly audit   'es-module-lexer': [ '1.7.0' ],
22 silly audit   'es-object-atoms': [ '1.1.1' ],
22 silly audit   esbuild: [ '0.27.2' ],
22 silly audit   escalade: [ '3.2.0' ],
22 silly audit   'escape-html': [ '1.0.3' ],
22 silly audit   eslint: [ '9.39.2' ],
22 silly audit   'eslint-compat-utils': [ '0.5.1' ],
22 silly audit   'eslint-import-context': [ '0.1.9' ],
22 silly audit   'eslint-import-resolver-node': [ '0.3.9' ],
22 silly audit   'eslint-plugin-es-x': [ '7.8.0' ],
22 silly audit   'eslint-plugin-import-x': [ '4.16.1' ],
22 silly audit   'eslint-plugin-n': [ '17.23.2' ],
22 silly audit   resolve: [ '1.22.11' ],
22 silly audit   'eslint-scope': [ '8.4.0' ],
22 silly audit   esprima: [ '4.0.1' ],
22 silly audit   esquery: [ '1.7.0' ],
22 silly audit   esrecurse: [ '4.3.0' ],
22 silly audit   estraverse: [ '5.3.0' ],
22 silly audit   'estree-walker': [ '3.0.3' ],
22 silly audit   esutils: [ '2.0.3' ],
22 silly audit   etag: [ '1.8.1' ],
22 silly audit   eventemitter3: [ '4.0.7' ],
22 silly audit   eventsource: [ '3.0.7' ],
22 silly audit   'eventsource-parser': [ '3.0.6' ],
22 silly audit   'expect-type': [ '1.3.0' ],
22 silly audit   express: [ '5.2.1' ],
22 silly audit   'express-rate-limit': [ '7.5.1' ],
22 silly audit   finalhandler: [ '2.1.1' ],
22 silly audit   fresh: [ '2.0.0' ],
22 silly audit   'mime-types': [ '3.0.2' ],
22 silly audit   send: [ '1.2.1' ],
22 silly audit   'serve-static': [ '2.2.1' ],
22 silly audit   statuses: [ '2.0.2' ],
22 silly audit   exsolve: [ '1.0.8' ],
22 silly audit   'fast-deep-equal': [ '3.1.3' ],
22 silly audit   'fast-equals': [ '5.4.0' ],
22 silly audit   'fast-json-stable-stringify': [ '2.1.0' ],
22 silly audit   'fast-levenshtein': [ '2.0.6' ],
22 silly audit   'fast-uri': [ '3.1.0' ],
22 silly audit   fastq: [ '1.20.1' ],
22 silly audit   fdir: [ '6.5.0' ],
22 silly audit   'fetch-blob': [ '3.2.0' ],
22 silly audit   figures: [ '6.1.0' ],
22 silly audit   'file-entry-cache': [ '8.0.0' ],
22 silly audit   'fill-range': [ '7.1.1' ],
22 silly audit   'flat-cache': [ '4.0.1' ],
22 silly audit   flatted: [ '3.3.3' ],
22 silly audit   'formdata-polyfill': [ '4.0.10' ],
22 silly audit   forwarded: [ '0.2.0' ],
22 silly audit   'fs-extra': [ '11.3.3' ],
22 silly audit   fsevents: [ '2.3.3' ],
22 silly audit   'function-bind': [ '1.1.2' ],
22 silly audit   fuzzysort: [ '3.1.0' ],
22 silly audit   fzf: [ '0.5.2' ],
22 silly audit   gensync: [ '1.0.0-beta.2' ],
22 silly audit   'get-caller-file': [ '2.0.5' ],
22 silly audit   'get-east-asian-width': [ '1.4.0' ],
22 silly audit   'get-intrinsic': [ '1.3.0' ],
22 silly audit   'get-nonce': [ '1.0.1' ],
22 silly audit   'get-own-enumerable-keys': [ '1.0.0' ],
22 silly audit   'get-proto': [ '1.0.1' ],
22 silly audit   'get-tsconfig': [ '4.13.0' ],
22 silly audit   globrex: [ '0.1.2' ],
22 silly audit   goober: [ '2.1.18' ],
22 silly audit   gopd: [ '1.2.0' ],
22 silly audit   'graceful-fs': [ '4.2.11' ],
22 silly audit   graphql: [ '16.12.0' ],
22 silly audit   h3: [ '2.0.1-rc.5', '2.0.1-rc.7' ],
22 silly audit   'has-symbols': [ '1.1.0' ],
22 silly audit   hasown: [ '2.0.2' ],
22 silly audit   'headers-polyfill': [ '4.0.3' ],
22 silly audit   hono: [ '4.11.4' ],
22 silly audit   'html-encoding-sniffer': [ '6.0.0' ],
22 silly audit   htmlparser2: [ '10.0.0' ],
22 silly audit   'http-errors': [ '2.0.1' ],
22 silly audit   'http-proxy-agent': [ '7.0.2' ],
22 silly audit   'https-proxy-agent': [ '7.0.6' ],
22 silly audit   'import-fresh': [ '3.3.1' ],
22 silly audit   'resolve-from': [ '4.0.0' ],
22 silly audit   imurmurhash: [ '0.1.4' ],
22 silly audit   inherits: [ '2.0.4' ],
22 silly audit   internmap: [ '2.0.3' ],
22 silly audit   'ipaddr.js': [ '1.9.1' ],
22 silly audit   'is-arrayish': [ '0.2.1' ],
22 silly audit   'is-binary-path': [ '2.1.0' ],
22 silly audit   'is-core-module': [ '2.16.1' ],
22 silly audit   'is-docker': [ '3.0.0' ],
22 silly audit   'is-extglob': [ '2.1.1' ],
22 silly audit   'is-fullwidth-code-point': [ '3.0.0' ],
22 silly audit   'is-glob': [ '4.0.3' ],
22 silly audit   'is-in-ssh': [ '1.0.0' ],
22 silly audit   'is-inside-container': [ '1.0.0' ],
22 silly audit   'is-interactive': [ '2.0.0' ],
22 silly audit   'is-node-process': [ '1.2.0' ],
22 silly audit   'is-number': [ '7.0.0' ],
22 silly audit   'is-obj': [ '3.0.0' ],
22 silly audit   'is-plain-obj': [ '4.1.0' ],
22 silly audit   'is-potential-custom-element-name': [ '1.0.1' ],
22 silly audit   'is-promise': [ '4.0.0' ],
22 silly audit   'is-regexp': [ '3.1.0' ],
22 silly audit   'is-unicode-supported': [ '2.1.0', '1.3.0' ],
22 silly audit   'is-wsl': [ '3.1.0' ],
22 silly audit   isbot: [ '5.1.32' ],
22 silly audit   jose: [ '6.1.3' ],
22 silly audit   'js-tokens': [ '4.0.0', '9.0.1' ],
22 silly audit   jsdom: [ '27.4.0' ],
22 silly audit   parse5: [ '8.0.0', '7.3.0' ],
22 silly audit   'webidl-conversions': [ '8.0.1' ],
22 silly audit   jsesc: [ '3.1.0' ],
22 silly audit   'json-buffer': [ '3.0.1' ],
22 silly audit   'json-parse-even-better-errors': [ '2.3.1' ],
22 silly audit   'json-schema-typed': [ '8.0.2' ],
22 silly audit   'json-stable-stringify-without-jsonify': [ '1.0.1' ],
22 silly audit   json5: [ '2.2.3' ],
22 silly audit   jsonfile: [ '6.2.0' ],
22 silly audit   keyv: [ '4.5.4' ],
22 silly audit   kleur: [ '3.0.3', '4.1.5' ],
22 silly audit   'launch-editor': [ '2.12.0' ],
22 silly audit   levn: [ '0.4.1' ],
22 silly audit   lightningcss: [ '1.30.2' ],
22 silly audit   'lightningcss-android-arm64': [ '1.30.2' ],
22 silly audit   'lightningcss-darwin-arm64': [ '1.30.2' ],
22 silly audit   'lightningcss-darwin-x64': [ '1.30.2' ],
22 silly audit   'lightningcss-freebsd-x64': [ '1.30.2' ],
22 silly audit   'lightningcss-linux-arm-gnueabihf': [ '1.30.2' ],
22 silly audit   'lightningcss-linux-arm64-gnu': [ '1.30.2' ],
22 silly audit   'lightningcss-linux-arm64-musl': [ '1.30.2' ],
22 silly audit   'lightningcss-linux-x64-gnu': [ '1.30.2' ],
22 silly audit   'lightningcss-linux-x64-musl': [ '1.30.2' ],
22 silly audit   'lightningcss-win32-arm64-msvc': [ '1.30.2' ],
22 silly audit   'lightningcss-win32-x64-msvc': [ '1.30.2' ],
22 silly audit   'lines-and-columns': [ '1.2.4' ],
22 silly audit   lodash: [ '4.17.21' ],
22 silly audit   'lodash.merge': [ '4.6.2' ],
22 silly audit   'log-symbols': [ '6.0.0' ],
22 silly audit   'loose-envify': [ '1.4.0' ],
22 silly audit   loupe: [ '3.2.1' ],
22 silly audit   'lucide-react': [ '0.562.0' ],
22 silly audit   'lz-string': [ '1.5.0' ],
22 silly audit   'magic-string': [ '0.30.21' ],
22 silly audit   'math-intrinsics': [ '1.1.0' ],
22 silly audit   'mdn-data': [ '2.12.2' ],
22 silly audit   'media-typer': [ '1.1.0' ],
22 silly audit   'merge-descriptors': [ '2.0.0' ],
22 silly audit   'merge-stream': [ '2.0.0' ],
22 silly audit   merge2: [ '1.4.1' ],
22 silly audit   micromatch: [ '4.0.8' ],
22 silly audit   'mime-db': [ '1.54.0' ],
22 silly audit   'mimic-function': [ '5.0.1' ],
22 silly audit   minimist: [ '1.2.8' ],
22 silly audit   msw: [ '2.12.7' ],
22 silly audit   'mute-stream': [ '2.0.0' ],
22 silly audit   nanoid: [ '3.3.11' ],
22 silly audit   'napi-postinstall': [ '0.3.4' ],
22 silly audit   'natural-compare': [ '1.4.0' ],
22 silly audit   'next-themes': [ '0.4.6' ],
22 silly audit   nf3: [ '0.1.12' ],
22 silly audit   'node-domexception': [ '1.0.0' ],
22 silly audit   'node-fetch': [ '3.3.2' ],
22 silly audit   'node-releases': [ '2.0.27' ],
22 silly audit   'normalize-path': [ '3.0.0' ],
22 silly audit   'path-key': [ '4.0.0', '3.1.1' ],
22 silly audit   'nth-check': [ '2.1.1' ],
22 silly audit   'object-assign': [ '4.1.1' ],
22 silly audit   'object-inspect': [ '1.13.4' ],
22 silly audit   'object-treeify': [ '1.1.33' ],
22 silly audit   ofetch: [ '2.0.0-alpha.3' ],
22 silly audit   ohash: [ '2.0.11' ],
22 silly audit   once: [ '1.4.0' ],
22 silly audit   optionator: [ '0.9.4' ],
22 silly audit   ora: [ '8.2.0' ],
22 silly audit   outvariant: [ '1.4.3' ],
22 silly audit   'oxc-minify': [ '0.96.0' ],
22 silly audit   'oxc-transform': [ '0.96.0' ],
22 silly audit   'package-manager-detector': [ '1.6.0' ],
22 silly audit   'parent-module': [ '1.0.1' ],
22 silly audit   'parse-json': [ '5.2.0' ],
22 silly audit   'parse-ms': [ '4.0.0' ],
22 silly audit   'parse5-htmlparser2-tree-adapter': [ '7.1.0' ],
22 silly audit   'parse5-parser-stream': [ '7.1.2' ],
22 silly audit   parseurl: [ '1.3.3' ],
22 silly audit   'path-browserify': [ '1.0.1' ],
22 silly audit   'path-exists': [ '4.0.0' ],
22 silly audit   'path-parse': [ '1.0.7' ],
22 silly audit   'path-to-regexp': [ '6.3.0', '8.3.0' ],
22 silly audit   pathe: [ '2.0.3' ],
22 silly audit   pathval: [ '2.0.1' ],
22 silly audit   picocolors: [ '1.1.1' ],
22 silly audit   'pkce-challenge': [ '5.0.1' ],
22 silly audit   postcss: [ '8.5.6' ],
22 silly audit   'postcss-selector-parser': [ '7.1.1' ],
22 silly audit   'powershell-utils': [ '0.1.0' ],
22 silly audit   'prelude-ls': [ '1.2.1' ],
22 silly audit   prettier: [ '3.7.4' ],
22 silly audit   'pretty-ms': [ '9.3.0' ],
22 silly audit   prompts: [ '2.4.2' ],
22 silly audit   'prop-types': [ '15.8.1' ],
22 silly audit   'proxy-addr': [ '2.0.7' ],
22 silly audit   punycode: [ '2.3.1' ],
22 silly audit   qs: [ '6.14.1' ],
22 silly audit   'queue-microtask': [ '1.2.3' ],
22 silly audit   'range-parser': [ '1.2.1' ],
22 silly audit   'raw-body': [ '3.0.2' ],
22 silly audit   'strip-json-comments': [ '3.1.1' ],
22 silly audit   'react-day-picker': [ '9.13.0' ],
22 silly audit   'react-dom': [ '19.2.3' ],
22 silly audit   scheduler: [ '0.27.0' ],
22 silly audit   'react-remove-scroll': [ '2.7.2' ],
22 silly audit   'react-remove-scroll-bar': [ '2.3.8' ],
22 silly audit   'react-smooth': [ '4.0.4' ],
22 silly audit   'react-style-singleton': [ '2.2.3' ],
22 silly audit   'react-transition-group': [ '4.4.5' ],
22 silly audit   readdirp: [ '3.6.0' ],
22 silly audit   recast: [ '0.23.11' ],
22 silly audit   recharts: [ '2.15.4' ],
22 silly audit   'recharts-scale': [ '0.4.5' ],
22 silly audit   'require-directory': [ '2.1.1' ],
22 silly audit   'require-from-string': [ '2.0.2' ],
22 silly audit   reselect: [ '5.1.1' ],
22 silly audit   'resolve-pkg-maps': [ '1.0.0' ],
22 silly audit   'restore-cursor': [ '5.1.0' ],
22 silly audit   rettime: [ '0.7.0' ],
22 silly audit   reusify: [ '1.1.0' ],
22 silly audit   rollup: [ '4.55.1' ],
22 silly audit   rou3: [ '0.7.12' ],
22 silly audit   router: [ '2.2.0' ],
22 silly audit   'run-applescript': [ '7.1.0' ],
22 silly audit   'run-parallel': [ '1.2.0' ],
22 silly audit   'safer-buffer': [ '2.1.2' ],
22 silly audit   sax: [ '1.4.4' ],
22 silly audit   saxes: [ '6.0.0' ],
22 silly audit   seroval: [ '1.4.2', '1.3.2' ],
22 silly audit   'seroval-plugins': [ '1.4.2', '1.3.3' ],
22 silly audit   setprototypeof: [ '1.2.0' ],
22 silly audit   shadcn: [ '3.6.3' ],
22 silly audit   'string-width': [ '7.2.0', '4.2.3' ],
22 silly audit   'tsconfig-paths': [ '4.2.0' ],
22 silly audit   'validate-npm-package-name': [ '7.0.2' ],
22 silly audit   'shebang-command': [ '2.0.0' ],
22 silly audit   'shebang-regex': [ '3.0.0' ],
22 silly audit   'shell-quote': [ '1.8.3' ],
22 silly audit   'side-channel': [ '1.1.0' ],
22 silly audit   'side-channel-list': [ '1.0.0' ],
22 silly audit   'side-channel-map': [ '1.0.1' ],
22 silly audit   'side-channel-weakmap': [ '1.0.2' ],
22 silly audit   siginfo: [ '2.0.0' ],
22 silly audit   sisteransi: [ '1.0.5' ],
22 silly audit   'solid-js': [ '1.9.10' ],
22 silly audit   sonner: [ '2.0.7' ],
22 silly audit   'source-map-js': [ '1.2.1' ],
22 silly audit   'source-map-support': [ '0.5.21' ],
22 silly audit   'stable-hash-x': [ '0.2.0' ],
22 silly audit   stackback: [ '0.0.2' ],
22 silly audit   'std-env': [ '3.10.0' ],
22 silly audit   'stdin-discarder': [ '0.2.2' ],
22 silly audit   'strict-event-emitter': [ '0.5.1' ],
22 silly audit   'stringify-object': [ '5.0.0' ],
22 silly audit   'strip-bom': [ '3.0.0' ],
22 silly audit   'strip-literal': [ '3.1.0' ],
22 silly audit   'supports-preserve-symlinks-flag': [ '1.0.0' ],
22 silly audit   'symbol-tree': [ '3.2.4' ],
22 silly audit   tabbable: [ '6.4.0' ],
22 silly audit   'tagged-tag': [ '1.0.0' ],
22 silly audit   'tailwind-merge': [ '3.4.0' ],
22 silly audit   tapable: [ '2.3.0' ],
22 silly audit   yallist: [ '3.1.1' ],
22 silly audit   terser: [ '5.44.1' ],
22 silly audit   'tiny-invariant': [ '1.3.3' ],
22 silly audit   'tiny-warning': [ '1.0.3' ],
22 silly audit   tinybench: [ '2.9.0' ],
22 silly audit   tinyglobby: [ '0.2.15' ],
22 silly audit   tinypool: [ '1.1.1' ],
22 silly audit   tinyrainbow: [ '2.0.0' ],
22 silly audit   tinyspy: [ '4.0.4' ],
22 silly audit   tldts: [ '7.0.19' ],
22 silly audit   'tldts-core': [ '7.0.19' ],
22 silly audit   'to-regex-range': [ '5.0.1' ],
22 silly audit   toidentifier: [ '1.0.1' ],
22 silly audit   'tough-cookie': [ '6.0.0' ],
22 silly audit   tr46: [ '6.0.0' ],
22 silly audit   'ts-api-utils': [ '2.4.0' ],
22 silly audit   'ts-declaration-location': [ '1.0.7' ],
22 silly audit   'ts-morph': [ '26.0.0' ],
22 silly audit   tsconfck: [ '3.1.6' ],
22 silly audit   tslib: [ '2.8.1' ],
22 silly audit   tsx: [ '4.21.0' ],
22 silly audit   'tw-animate-css': [ '1.4.0' ],
22 silly audit   'type-check': [ '0.4.0' ],
22 silly audit   'type-is': [ '2.0.1' ],
22 silly audit   'typescript-eslint': [ '8.53.0' ],
22 silly audit   ufo: [ '1.6.2' ],
22 silly audit   'undici-types': [ '6.21.0' ],
22 silly audit   unenv: [ '2.0.0-rc.24' ],
22 silly audit   'unicorn-magic': [ '0.3.0' ],
22 silly audit   universalify: [ '2.0.1' ],
22 silly audit   unpipe: [ '1.0.0' ],
22 silly audit   unplugin: [ '2.3.11' ],
22 silly audit   'unrs-resolver': [ '1.11.1' ],
22 silly audit   'until-async': [ '3.0.2' ],
22 silly audit   'update-browserslist-db': [ '1.2.3' ],
22 silly audit   'uri-js': [ '4.4.1' ],
22 silly audit   'use-callback-ref': [ '1.3.3' ],
22 silly audit   'use-sidecar': [ '1.1.3' ],
22 silly audit   'use-sync-external-store': [ '1.6.0' ],
22 silly audit   'util-deprecate': [ '1.0.2' ],
22 silly audit   uuid: [ '7.0.3' ],
22 silly audit   vary: [ '1.1.2' ],
22 silly audit   'victory-vendor': [ '36.9.2' ],
22 silly audit   vite: [ '7.3.1' ],
22 silly audit   'vite-node': [ '3.2.4' ],
22 silly audit   'vite-tsconfig-paths': [ '5.1.4' ],
22 silly audit   vitefu: [ '1.1.1' ],
22 silly audit   vitest: [ '3.2.4' ],
22 silly audit   'vue-eslint-parser': [ '10.2.0' ],
22 silly audit   'w3c-xmlserializer': [ '5.0.0' ],
22 silly audit   'web-streams-polyfill': [ '3.3.3' ],
22 silly audit   'web-vitals': [ '5.1.0' ],
22 silly audit   'webpack-virtual-modules': [ '0.6.2' ],
22 silly audit   'whatwg-encoding': [ '3.1.1' ],
22 silly audit   'whatwg-mimetype': [ '4.0.0' ],
22 silly audit   'whatwg-url': [ '15.1.0' ],
22 silly audit   'why-is-node-running': [ '2.3.0' ],
22 silly audit   'word-wrap': [ '1.2.5' ],
22 silly audit   wrappy: [ '1.0.2' ],
22 silly audit   'wsl-utils': [ '0.3.1' ],
22 silly audit   'xml-name-validator': [ '5.0.0' ],
22 silly audit   xml2js: [ '0.6.0' ],
22 silly audit   xmlbuilder: [ '11.0.1' ],
22 silly audit   xmlbuilder2: [ '4.0.3' ],
22 silly audit   xmlchars: [ '2.2.0' ],
22 silly audit   y18n: [ '5.0.8' ],
22 silly audit   yaml: [ '2.8.2' ],
22 silly audit   yargs: [ '17.7.2' ],
22 silly audit   'yargs-parser': [ '21.1.1' ],
22 silly audit   'yocto-queue': [ '0.1.0' ],
22 silly audit   yoctocolors: [ '2.1.2' ],
22 silly audit   'yoctocolors-cjs': [ '2.1.3' ],
22 silly audit   zod: [ '3.25.76' ],
22 silly audit   'zod-to-json-schema': [ '3.25.1' ],
22 silly audit   zustand: [ '5.0.10' ],
22 silly audit   '@tauri-apps/api': [ '2.9.1' ]
22 silly audit }
23 http fetch POST 200 https://registry.npmjs.org/-/npm/v1/security/advisories/bulk 421ms
24 silly audit report {}
25 verbose stack Error: EPERM: operation not permitted, open '/Users/erickpatrickbarcelos/codes/inventy/package-lock.json'
25 verbose stack     at async open (node:internal/fs/promises:641:25)
25 verbose stack     at async writeFile (node:internal/fs/promises:1249:14)
25 verbose stack     at async Promise.all (index 0)
25 verbose stack     at async [saveIdealTree] (/opt/homebrew/lib/node_modules/npm/node_modules/@npmcli/arborist/lib/arborist/reify.js:1507:7)
25 verbose stack     at async Arborist.reify (/opt/homebrew/lib/node_modules/npm/node_modules/@npmcli/arborist/lib/arborist/reify.js:131:5)
25 verbose stack     at async Install.exec (/opt/homebrew/lib/node_modules/npm/lib/commands/install.js:150:5)
25 verbose stack     at async Npm.exec (/opt/homebrew/lib/node_modules/npm/lib/npm.js:208:9)
25 verbose stack     at async module.exports (/opt/homebrew/lib/node_modules/npm/lib/cli/entry.js:67:5)
26 error code EPERM
27 error syscall open
28 error path /Users/erickpatrickbarcelos/codes/inventy/package-lock.json
29 error errno -1
30 error Error: EPERM: operation not permitted, open '/Users/erickpatrickbarcelos/codes/inventy/package-lock.json'
30 error     at async open (node:internal/fs/promises:641:25)
30 error     at async writeFile (node:internal/fs/promises:1249:14)
30 error     at async Promise.all (index 0)
30 error     at async [saveIdealTree] (/opt/homebrew/lib/node_modules/npm/node_modules/@npmcli/arborist/lib/arborist/reify.js:1507:7)
30 error     at async Arborist.reify (/opt/homebrew/lib/node_modules/npm/node_modules/@npmcli/arborist/lib/arborist/reify.js:131:5)
30 error     at async Install.exec (/opt/homebrew/lib/node_modules/npm/lib/commands/install.js:150:5)
30 error     at async Npm.exec (/opt/homebrew/lib/node_modules/npm/lib/npm.js:208:9)
30 error     at async module.exports (/opt/homebrew/lib/node_modules/npm/lib/cli/entry.js:67:5) {
30 error   errno: -1,
30 error   code: 'EPERM',
30 error   syscall: 'open',
30 error   path: '/Users/erickpatrickbarcelos/codes/inventy/package-lock.json'
30 error }
31 error
31 error The operation was rejected by your operating system.
31 error It is likely you do not have the permissions to access this file as the current user
31 error
31 error If you believe this might be a permissions issue, please double-check the
31 error permissions of the file and its containing directories, or try running
31 error the command again as root/Administrator.
32 silly unfinished npm timer reify 1768618312039
33 silly unfinished npm timer reify:save 1768618312776
34 verbose cwd /Users/erickpatrickbarcelos/codes/inventy/apps/desktop
35 verbose os Darwin 25.2.0
36 verbose node v25.2.1
37 verbose npm  v11.6.2
38 verbose exit -1
39 verbose code -1
40 error A complete log of this run can be found in: /Users/erickpatrickbarcelos/codes/inventy/apps/desktop/.npm-cache/_logs/2026-01-17T02_51_51_917Z-debug-0.log
